d:\project\tstradar\tstradar\x64\debug\vc143.pdb
d:\project\tstradar\tstradar\x64\debug\vc143.idb
d:\project\tstradar\tstradar\x64\debug\qrc_mainwindow.obj
d:\project\tstradar\tstradar\x64\debug\radarwidget.obj
d:\project\tstradar\tstradar\x64\debug\main.obj
d:\project\tstradar\tstradar\x64\debug\mainwindow.obj
d:\project\tstradar\tstradar\x64\debug\moc_radarwidget.obj
d:\project\tstradar\tstradar\x64\debug\moc_mainwindow.obj
d:\project\tstradar\tstradar\x64\debug\geotransform.obj
d:\project\tstradar\tstradar\x64\debug\radartarget.obj
d:\project\tstradar\tstradar\x64\debug\radarppi.obj
d:\project\tstradar\tstradar\x64\debug\radarownship.obj
d:\project\tstradar\tstradar\x64\debug\radartransform.obj
d:\project\tstradar\bin\tstradard.exe
d:\project\tstradar\tstradar\x64\debug\tstradard.ilk
d:\project\tstradar\bin\tstradard.pdb
d:\project\tstradar\tstradar\x64\debug\qt\moc\moc_radarwidget.cpp
d:\project\tstradar\tstradar\x64\debug\tstradar.res
d:\project\tstradar\tstradar\x64\debug\qt\rcc\qrc_mainwindow.cpp
d:\project\tstradar\tstradar\x64\debug\qt\uic\ui_mainwindow.h
d:\project\tstradar\tstradar\x64\debug\qt\moc\moc_mainwindow.cpp
d:\project\tstradar\tstradar\x64\debug\tstradar.ilk
d:\project\tstradar\tstradar\x64\debug\tstradar.tlog\cl.command.1.tlog
d:\project\tstradar\tstradar\x64\debug\tstradar.tlog\cl.items.tlog
d:\project\tstradar\tstradar\x64\debug\tstradar.tlog\cl.read.1.tlog
d:\project\tstradar\tstradar\x64\debug\tstradar.tlog\cl.write.1.tlog
d:\project\tstradar\tstradar\x64\debug\tstradar.tlog\link.command.1.tlog
d:\project\tstradar\tstradar\x64\debug\tstradar.tlog\link.read.1.tlog
d:\project\tstradar\tstradar\x64\debug\tstradar.tlog\link.write.1.tlog
d:\project\tstradar\tstradar\x64\debug\tstradar.tlog\moc.read.1u.tlog
d:\project\tstradar\tstradar\x64\debug\tstradar.tlog\moc.write.1u.tlog
d:\project\tstradar\tstradar\x64\debug\tstradar.tlog\rc.command.1.tlog
d:\project\tstradar\tstradar\x64\debug\tstradar.tlog\rc.read.1.tlog
d:\project\tstradar\tstradar\x64\debug\tstradar.tlog\rc.write.1.tlog
d:\project\tstradar\tstradar\x64\debug\tstradar.tlog\rcc.read.1u.tlog
d:\project\tstradar\tstradar\x64\debug\tstradar.tlog\rcc.write.1u.tlog
d:\project\tstradar\tstradar\x64\debug\tstradar.tlog\tstradar.write.1u.tlog
d:\project\tstradar\tstradar\x64\debug\tstradar.tlog\uic.read.1u.tlog
d:\project\tstradar\tstradar\x64\debug\tstradar.tlog\uic.write.1u.tlog
